2021-09-24 15:32:06.124 [background-preinit] INFO  o.h.validator.internal.util.Version:30 HV000001: Hibernate Validator 5.3.5.Final  
2021-09-24 15:32:06.880 [main] INFO  com.wenxianm.ConfigServerApplication:597 The following profiles are active: native  
2021-09-24 15:32:08.401 [main] INFO  o.a.catalina.core.StandardService:179 Starting service [Tomcat]  
2021-09-24 15:32:08.402 [main] INFO  o.a.catalina.core.StandardEngine:179 Starting Servlet Engine: Apache Tomcat/8.5.15  
2021-09-24 15:32:08.520 [localhost-startStop-1] INFO  o.a.c.c.C.[Tomcat].[localhost].[/]:179 Initializing Spring embedded WebApplicationContext  
2021-09-24 15:32:09.235 [main] INFO  o.a.c.c.C.[Tomcat].[localhost].[/]:179 jolokia: No access restrictor found, access to any MBean is allowed  
2021-09-24 15:32:11.566 [main] WARN  c.n.c.sources.URLConfigurationSource:121 No URLs will be polled as dynamic configuration sources.  
2021-09-24 15:32:11.566 [main] INFO  c.n.c.sources.URLConfigurationSource:122 To enable URLs as dynamic configuration sources, define System property archaius.configurationSource.additionalUrls or make config.properties available on classpath.  
2021-09-24 15:32:11.570 [main] WARN  c.n.c.sources.URLConfigurationSource:121 No URLs will be polled as dynamic configuration sources.  
2021-09-24 15:32:11.570 [main] INFO  c.n.c.sources.URLConfigurationSource:122 To enable URLs as dynamic configuration sources, define System property archaius.configurationSource.additionalUrls or make config.properties available on classpath.  
2021-09-24 15:32:12.337 [main] INFO  o.a.c.c.C.[Tomcat].[localhost].[/]:179 jolokia: No access restrictor found, access to any MBean is allowed  
2021-09-24 15:32:12.345 [main] INFO  o.a.c.c.C.[Tomcat].[localhost].[/]:179 jolokia: jolokia:type=Config is already registered. Adding it with jolokia:type=Config,uuid=6478a5c4-cf0e-4f91-b24f-cd8e11c89d33, but you should revise your setup in order to either use a qualifier or ensure, that only a single agent gets registered (otherwise history functionality might not work)  
2021-09-24 15:32:12.345 [main] INFO  o.a.c.c.C.[Tomcat].[localhost].[/]:179 jolokia: Cannot register (legacy) MBean handler for config store with name jmx4perl:type=Config since it already exists. This is the case if another agent has been already started within the same JVM. The registration is skipped.  
2021-09-24 15:32:12.345 [main] INFO  o.a.c.c.C.[Tomcat].[localhost].[/]:179 jolokia: Jolokia Discovery MBean registration is skipped because there is already one registered.  
2021-09-24 15:32:12.644 [main] INFO  com.wenxianm.ConfigServerApplication:597 The following profiles are active: native  
2021-09-24 15:32:12.747 [main] INFO  com.wenxianm.ConfigServerApplication:57 Started ConfigServerApplication in 0.353 seconds (JVM running for 8.705)  
2021-09-24 15:32:33.021 [main] INFO  o.a.coyote.http11.Http11NioProtocol:179 Initializing ProtocolHandler ["http-nio-9000"]  
2021-09-24 15:32:33.028 [main] INFO  o.a.coyote.http11.Http11NioProtocol:179 Starting ProtocolHandler ["http-nio-9000"]  
2021-09-24 15:32:33.036 [main] INFO  o.a.tomcat.util.net.NioSelectorPool:179 Using a shared selector for servlet write/read  
2021-09-24 15:32:33.053 [main] INFO  com.wenxianm.ConfigServerApplication:57 Started ConfigServerApplication in 27.866 seconds (JVM running for 29.011)  
2021-09-24 15:33:30.862 [http-nio-9000-exec-10] INFO  o.a.c.c.C.[Tomcat].[localhost].[/]:179 Initializing Spring FrameworkServlet 'dispatcherServlet'  
2021-09-24 15:49:58.848 [background-preinit] INFO  o.h.validator.internal.util.Version:30 HV000001: Hibernate Validator 5.3.5.Final  
2021-09-24 15:49:59.514 [main] INFO  com.wenxianm.ConfigServerApplication:597 The following profiles are active: native  
2021-09-24 15:50:00.982 [main] INFO  o.a.catalina.core.StandardService:179 Starting service [Tomcat]  
2021-09-24 15:50:00.983 [main] INFO  o.a.catalina.core.StandardEngine:179 Starting Servlet Engine: Apache Tomcat/8.5.15  
2021-09-24 15:50:01.094 [localhost-startStop-1] INFO  o.a.c.c.C.[Tomcat].[localhost].[/]:179 Initializing Spring embedded WebApplicationContext  
2021-09-24 15:50:01.811 [main] INFO  o.a.c.c.C.[Tomcat].[localhost].[/]:179 jolokia: No access restrictor found, access to any MBean is allowed  
2021-09-24 15:50:04.116 [main] WARN  c.n.c.sources.URLConfigurationSource:121 No URLs will be polled as dynamic configuration sources.  
2021-09-24 15:50:04.116 [main] INFO  c.n.c.sources.URLConfigurationSource:122 To enable URLs as dynamic configuration sources, define System property archaius.configurationSource.additionalUrls or make config.properties available on classpath.  
2021-09-24 15:50:04.120 [main] WARN  c.n.c.sources.URLConfigurationSource:121 No URLs will be polled as dynamic configuration sources.  
2021-09-24 15:50:04.120 [main] INFO  c.n.c.sources.URLConfigurationSource:122 To enable URLs as dynamic configuration sources, define System property archaius.configurationSource.additionalUrls or make config.properties available on classpath.  
2021-09-24 15:50:04.902 [main] INFO  o.a.c.c.C.[Tomcat].[localhost].[/]:179 jolokia: No access restrictor found, access to any MBean is allowed  
2021-09-24 15:50:04.909 [main] INFO  o.a.c.c.C.[Tomcat].[localhost].[/]:179 jolokia: jolokia:type=Config is already registered. Adding it with jolokia:type=Config,uuid=f9c17af7-4496-42fe-aaf5-99727fa8771a, but you should revise your setup in order to either use a qualifier or ensure, that only a single agent gets registered (otherwise history functionality might not work)  
2021-09-24 15:50:04.909 [main] INFO  o.a.c.c.C.[Tomcat].[localhost].[/]:179 jolokia: Cannot register (legacy) MBean handler for config store with name jmx4perl:type=Config since it already exists. This is the case if another agent has been already started within the same JVM. The registration is skipped.  
2021-09-24 15:50:04.910 [main] INFO  o.a.c.c.C.[Tomcat].[localhost].[/]:179 jolokia: Jolokia Discovery MBean registration is skipped because there is already one registered.  
2021-09-24 15:50:05.209 [main] INFO  com.wenxianm.ConfigServerApplication:597 The following profiles are active: native  
2021-09-24 15:50:05.311 [main] INFO  com.wenxianm.ConfigServerApplication:57 Started ConfigServerApplication in 0.354 seconds (JVM running for 8.727)  
2021-09-24 15:50:25.577 [main] INFO  o.a.coyote.http11.Http11NioProtocol:179 Initializing ProtocolHandler ["http-nio-9000"]  
2021-09-24 15:50:25.584 [main] INFO  o.a.coyote.http11.Http11NioProtocol:179 Starting ProtocolHandler ["http-nio-9000"]  
2021-09-24 15:50:25.593 [main] INFO  o.a.tomcat.util.net.NioSelectorPool:179 Using a shared selector for servlet write/read  
2021-09-24 15:50:25.609 [main] INFO  com.wenxianm.ConfigServerApplication:57 Started ConfigServerApplication in 27.52 seconds (JVM running for 29.024)  
2021-09-24 15:53:16.045 [background-preinit] INFO  o.h.validator.internal.util.Version:30 HV000001: Hibernate Validator 5.3.5.Final  
2021-09-24 15:53:16.722 [main] INFO  com.wenxianm.ConfigServerApplication:597 The following profiles are active: native  
2021-09-24 15:53:18.145 [main] INFO  o.a.catalina.core.StandardService:179 Starting service [Tomcat]  
2021-09-24 15:53:18.146 [main] INFO  o.a.catalina.core.StandardEngine:179 Starting Servlet Engine: Apache Tomcat/8.5.15  
2021-09-24 15:53:18.255 [localhost-startStop-1] INFO  o.a.c.c.C.[Tomcat].[localhost].[/]:179 Initializing Spring embedded WebApplicationContext  
2021-09-24 15:53:18.912 [main] INFO  o.a.c.c.C.[Tomcat].[localhost].[/]:179 jolokia: No access restrictor found, access to any MBean is allowed  
2021-09-24 15:53:20.371 [main] INFO  o.a.catalina.core.StandardService:179 Stopping service [Tomcat]  
2021-09-24 15:53:20.391 [main] ERROR o.s.boot.SpringApplication:771 Application startup failed  
org.springframework.beans.factory.UnsatisfiedDependencyException: Error creating bean with name 'bindingService' defined in class path resource [org/springframework/cloud/stream/config/BindingServiceConfiguration.class]: Unsatisfied dependency expressed through method 'bindingService' parameter 1; nested exception is org.springframework.beans.factory.UnsatisfiedDependencyException: Error creating bean with name 'org.springframework.cloud.stream.config.BinderFactoryConfiguration': Unsatisfied dependency expressed through field 'binderTypeRegistry'; nested exception is org.springframework.beans.factory.BeanCreationException: Error creating bean with name 'binderTypeRegistry' defined in class path resource [org/springframework/cloud/stream/config/BinderFactoryConfiguration.class]: Bean instantiation via factory method failed; nested exception is org.springframework.beans.BeanInstantiationException: Failed to instantiate [org.springframework.cloud.stream.binder.BinderTypeRegistry]: Circular reference involving containing bean 'org.springframework.cloud.stream.config.BinderFactoryConfiguration' - consider declaring the factory method as static for independence from its containing instance. Factory method 'binderTypeRegistry' threw exception; nested exception is org.springframework.beans.factory.BeanCreationException: Cannot create binder factory, no `META-INF/spring.binders` resources found on the classpath
	at org.springframework.beans.factory.support.ConstructorResolver.createArgumentArray(ConstructorResolver.java:749)
	at org.springframework.beans.factory.support.ConstructorResolver.instantiateUsingFactoryMethod(ConstructorResolver.java:467)
	at org.springframework.beans.factory.support.AbstractAutowireCapableBeanFactory.instantiateUsingFactoryMethod(AbstractAutowireCapableBeanFactory.java:1173)
	at org.springframework.beans.factory.support.AbstractAutowireCapableBeanFactory.createBeanInstance(AbstractAutowireCapableBeanFactory.java:1067)
	at org.springframework.beans.factory.support.AbstractAutowireCapableBeanFactory.doCreateBean(AbstractAutowireCapableBeanFactory.java:513)
	at org.springframework.beans.factory.support.AbstractAutowireCapableBeanFactory.createBean(AbstractAutowireCapableBeanFactory.java:483)
	at org.springframework.beans.factory.support.AbstractBeanFactory$1.getObject(AbstractBeanFactory.java:306)
	at org.springframework.beans.factory.support.DefaultSingletonBeanRegistry.getSingleton(DefaultSingletonBeanRegistry.java:230)
	at org.springframework.beans.factory.support.AbstractBeanFactory.doGetBean(AbstractBeanFactory.java:302)
	at org.springframework.beans.factory.support.AbstractBeanFactory.getBean(AbstractBeanFactory.java:197)
	at org.springframework.beans.factory.support.DefaultListableBeanFactory.preInstantiateSingletons(DefaultListableBeanFactory.java:761)
	at org.springframework.context.support.AbstractApplicationContext.finishBeanFactoryInitialization(AbstractApplicationContext.java:867)
	at org.springframework.context.support.AbstractApplicationContext.refresh(AbstractApplicationContext.java:543)
	at org.springframework.boot.context.embedded.EmbeddedWebApplicationContext.refresh(EmbeddedWebApplicationContext.java:122)
	at org.springframework.boot.SpringApplication.refresh(SpringApplication.java:693)
	at org.springframework.boot.SpringApplication.refreshContext(SpringApplication.java:360)
	at org.springframework.boot.SpringApplication.run(SpringApplication.java:303)
	at org.springframework.boot.SpringApplication.run(SpringApplication.java:1118)
	at org.springframework.boot.SpringApplication.run(SpringApplication.java:1107)
	at com.wenxianm.ConfigServerApplication.main(ConfigServerApplication.java:18)
Caused by: org.springframework.beans.factory.UnsatisfiedDependencyException: Error creating bean with name 'org.springframework.cloud.stream.config.BinderFactoryConfiguration': Unsatisfied dependency expressed through field 'binderTypeRegistry'; nested exception is org.springframework.beans.factory.BeanCreationException: Error creating bean with name 'binderTypeRegistry' defined in class path resource [org/springframework/cloud/stream/config/BinderFactoryConfiguration.class]: Bean instantiation via factory method failed; nested exception is org.springframework.beans.BeanInstantiationException: Failed to instantiate [org.springframework.cloud.stream.binder.BinderTypeRegistry]: Circular reference involving containing bean 'org.springframework.cloud.stream.config.BinderFactoryConfiguration' - consider declaring the factory method as static for independence from its containing instance. Factory method 'binderTypeRegistry' threw exception; nested exception is org.springframework.beans.factory.BeanCreationException: Cannot create binder factory, no `META-INF/spring.binders` resources found on the classpath
	at org.springframework.beans.factory.annotation.AutowiredAnnotationBeanPostProcessor$AutowiredFieldElement.inject(AutowiredAnnotationBeanPostProcessor.java:588)
	at org.springframework.beans.factory.annotation.InjectionMetadata.inject(InjectionMetadata.java:88)
	at org.springframework.beans.factory.annotation.AutowiredAnnotationBeanPostProcessor.postProcessPropertyValues(AutowiredAnnotationBeanPostProcessor.java:366)
	at org.springframework.beans.factory.support.AbstractAutowireCapableBeanFactory.populateBean(AbstractAutowireCapableBeanFactory.java:1264)
	at org.springframework.beans.factory.support.AbstractAutowireCapableBeanFactory.doCreateBean(AbstractAutowireCapableBeanFactory.java:553)
	at org.springframework.beans.factory.support.AbstractAutowireCapableBeanFactory.createBean(AbstractAutowireCapableBeanFactory.java:483)
	at org.springframework.beans.factory.support.AbstractBeanFactory$1.getObject(AbstractBeanFactory.java:306)
	at org.springframework.beans.factory.support.DefaultSingletonBeanRegistry.getSingleton(DefaultSingletonBeanRegistry.java:230)
	at org.springframework.beans.factory.support.AbstractBeanFactory.doGetBean(AbstractBeanFactory.java:302)
	at org.springframework.beans.factory.support.AbstractBeanFactory.getBean(AbstractBeanFactory.java:197)
	at org.springframework.beans.factory.support.ConstructorResolver.instantiateUsingFactoryMethod(ConstructorResolver.java:372)
	at org.springframework.beans.factory.support.AbstractAutowireCapableBeanFactory.instantiateUsingFactoryMethod(AbstractAutowireCapableBeanFactory.java:1173)
	at org.springframework.beans.factory.support.AbstractAutowireCapableBeanFactory.createBeanInstance(AbstractAutowireCapableBeanFactory.java:1067)
	at org.springframework.beans.factory.support.AbstractAutowireCapableBeanFactory.doCreateBean(AbstractAutowireCapableBeanFactory.java:513)
	at org.springframework.beans.factory.support.AbstractAutowireCapableBeanFactory.createBean(AbstractAutowireCapableBeanFactory.java:483)
	at org.springframework.beans.factory.support.AbstractBeanFactory$1.getObject(AbstractBeanFactory.java:306)
	at org.springframework.beans.factory.support.DefaultSingletonBeanRegistry.getSingleton(DefaultSingletonBeanRegistry.java:230)
	at org.springframework.beans.factory.support.AbstractBeanFactory.doGetBean(AbstractBeanFactory.java:302)
	at org.springframework.beans.factory.support.AbstractBeanFactory.getBean(AbstractBeanFactory.java:202)
	at org.springframework.beans.factory.config.DependencyDescriptor.resolveCandidate(DependencyDescriptor.java:208)
	at org.springframework.beans.factory.support.DefaultListableBeanFactory.doResolveDependency(DefaultListableBeanFactory.java:1138)
	at org.springframework.beans.factory.support.DefaultListableBeanFactory.resolveDependency(DefaultListableBeanFactory.java:1066)
	at org.springframework.beans.factory.support.ConstructorResolver.resolveAutowiredArgument(ConstructorResolver.java:835)
	at org.springframework.beans.factory.support.ConstructorResolver.createArgumentArray(ConstructorResolver.java:741)
	... 19 common frames omitted
Caused by: org.springframework.beans.factory.BeanCreationException: Error creating bean with name 'binderTypeRegistry' defined in class path resource [org/springframework/cloud/stream/config/BinderFactoryConfiguration.class]: Bean instantiation via factory method failed; nested exception is org.springframework.beans.BeanInstantiationException: Failed to instantiate [org.springframework.cloud.stream.binder.BinderTypeRegistry]: Circular reference involving containing bean 'org.springframework.cloud.stream.config.BinderFactoryConfiguration' - consider declaring the factory method as static for independence from its containing instance. Factory method 'binderTypeRegistry' threw exception; nested exception is org.springframework.beans.factory.BeanCreationException: Cannot create binder factory, no `META-INF/spring.binders` resources found on the classpath
	at org.springframework.beans.factory.support.ConstructorResolver.instantiateUsingFactoryMethod(ConstructorResolver.java:599)
	at org.springframework.beans.factory.support.AbstractAutowireCapableBeanFactory.instantiateUsingFactoryMethod(AbstractAutowireCapableBeanFactory.java:1173)
	at org.springframework.beans.factory.support.AbstractAutowireCapableBeanFactory.createBeanInstance(AbstractAutowireCapableBeanFactory.java:1067)
	at org.springframework.beans.factory.support.AbstractAutowireCapableBeanFactory.doCreateBean(AbstractAutowireCapableBeanFactory.java:513)
	at org.springframework.beans.factory.support.AbstractAutowireCapableBeanFactory.createBean(AbstractAutowireCapableBeanFactory.java:483)
	at org.springframework.beans.factory.support.AbstractBeanFactory$1.getObject(AbstractBeanFactory.java:306)
	at org.springframework.beans.factory.support.DefaultSingletonBeanRegistry.getSingleton(DefaultSingletonBeanRegistry.java:230)
	at org.springframework.beans.factory.support.AbstractBeanFactory.doGetBean(AbstractBeanFactory.java:302)
	at org.springframework.beans.factory.support.AbstractBeanFactory.getBean(AbstractBeanFactory.java:202)
	at org.springframework.beans.factory.config.DependencyDescriptor.resolveCandidate(DependencyDescriptor.java:208)
	at org.springframework.beans.factory.support.DefaultListableBeanFactory.doResolveDependency(DefaultListableBeanFactory.java:1138)
	at org.springframework.beans.factory.support.DefaultListableBeanFactory.resolveDependency(DefaultListableBeanFactory.java:1066)
	at org.springframework.beans.factory.annotation.AutowiredAnnotationBeanPostProcessor$AutowiredFieldElement.inject(AutowiredAnnotationBeanPostProcessor.java:585)
	... 42 common frames omitted
Caused by: org.springframework.beans.BeanInstantiationException: Failed to instantiate [org.springframework.cloud.stream.binder.BinderTypeRegistry]: Circular reference involving containing bean 'org.springframework.cloud.stream.config.BinderFactoryConfiguration' - consider declaring the factory method as static for independence from its containing instance. Factory method 'binderTypeRegistry' threw exception; nested exception is org.springframework.beans.factory.BeanCreationException: Cannot create binder factory, no `META-INF/spring.binders` resources found on the classpath
	at org.springframework.beans.factory.support.SimpleInstantiationStrategy.instantiate(SimpleInstantiationStrategy.java:189)
	at org.springframework.beans.factory.support.ConstructorResolver.instantiateUsingFactoryMethod(ConstructorResolver.java:588)
	... 54 common frames omitted
Caused by: org.springframework.beans.factory.BeanCreationException: Cannot create binder factory, no `META-INF/spring.binders` resources found on the classpath
	at org.springframework.cloud.stream.config.BinderFactoryConfiguration.binderTypeRegistry(BinderFactoryConfiguration.java:159)
	at org.springframework.cloud.stream.config.BinderFactoryConfiguration$$EnhancerBySpringCGLIB$$c607c206.CGLIB$binderTypeRegistry$2(<generated>)
	at org.springframework.cloud.stream.config.BinderFactoryConfiguration$$EnhancerBySpringCGLIB$$c607c206$$FastClassBySpringCGLIB$$d99e7094.invoke(<generated>)
	at org.springframework.cglib.proxy.MethodProxy.invokeSuper(MethodProxy.java:228)
	at org.springframework.context.annotation.ConfigurationClassEnhancer$BeanMethodInterceptor.intercept(ConfigurationClassEnhancer.java:358)
	at org.springframework.cloud.stream.config.BinderFactoryConfiguration$$EnhancerBySpringCGLIB$$c607c206.binderTypeRegistry(<generated>)
	at sun.reflect.NativeMethodAccessorImpl.invoke0(Native Method)
	at sun.reflect.NativeMethodAccessorImpl.invoke(NativeMethodAccessorImpl.java:62)
	at sun.reflect.DelegatingMethodAccessorImpl.invoke(DelegatingMethodAccessorImpl.java:43)
	at java.lang.reflect.Method.invoke(Method.java:498)
	at org.springframework.beans.factory.support.SimpleInstantiationStrategy.instantiate(SimpleInstantiationStrategy.java:162)
	... 55 common frames omitted
2021-09-24 15:55:09.001 [background-preinit] INFO  o.h.validator.internal.util.Version:30 HV000001: Hibernate Validator 5.3.5.Final  
2021-09-24 15:55:09.805 [main] INFO  com.wenxianm.ConfigServerApplication:597 The following profiles are active: native  
2021-09-24 15:55:11.206 [main] INFO  o.a.catalina.core.StandardService:179 Starting service [Tomcat]  
2021-09-24 15:55:11.207 [main] INFO  o.a.catalina.core.StandardEngine:179 Starting Servlet Engine: Apache Tomcat/8.5.15  
2021-09-24 15:55:11.315 [localhost-startStop-1] INFO  o.a.c.c.C.[Tomcat].[localhost].[/]:179 Initializing Spring embedded WebApplicationContext  
2021-09-24 15:55:11.969 [main] INFO  o.a.c.c.C.[Tomcat].[localhost].[/]:179 jolokia: No access restrictor found, access to any MBean is allowed  
2021-09-24 15:55:13.408 [main] INFO  o.a.catalina.core.StandardService:179 Stopping service [Tomcat]  
2021-09-24 15:55:13.428 [main] ERROR o.s.boot.SpringApplication:771 Application startup failed  
org.springframework.beans.factory.UnsatisfiedDependencyException: Error creating bean with name 'bindingService' defined in class path resource [org/springframework/cloud/stream/config/BindingServiceConfiguration.class]: Unsatisfied dependency expressed through method 'bindingService' parameter 1; nested exception is org.springframework.beans.factory.UnsatisfiedDependencyException: Error creating bean with name 'org.springframework.cloud.stream.config.BinderFactoryConfiguration': Unsatisfied dependency expressed through field 'binderTypeRegistry'; nested exception is org.springframework.beans.factory.BeanCreationException: Error creating bean with name 'binderTypeRegistry' defined in class path resource [org/springframework/cloud/stream/config/BinderFactoryConfiguration.class]: Bean instantiation via factory method failed; nested exception is org.springframework.beans.BeanInstantiationException: Failed to instantiate [org.springframework.cloud.stream.binder.BinderTypeRegistry]: Circular reference involving containing bean 'org.springframework.cloud.stream.config.BinderFactoryConfiguration' - consider declaring the factory method as static for independence from its containing instance. Factory method 'binderTypeRegistry' threw exception; nested exception is org.springframework.beans.factory.BeanCreationException: Cannot create binder factory, no `META-INF/spring.binders` resources found on the classpath
	at org.springframework.beans.factory.support.ConstructorResolver.createArgumentArray(ConstructorResolver.java:749)
	at org.springframework.beans.factory.support.ConstructorResolver.instantiateUsingFactoryMethod(ConstructorResolver.java:467)
	at org.springframework.beans.factory.support.AbstractAutowireCapableBeanFactory.instantiateUsingFactoryMethod(AbstractAutowireCapableBeanFactory.java:1173)
	at org.springframework.beans.factory.support.AbstractAutowireCapableBeanFactory.createBeanInstance(AbstractAutowireCapableBeanFactory.java:1067)
	at org.springframework.beans.factory.support.AbstractAutowireCapableBeanFactory.doCreateBean(AbstractAutowireCapableBeanFactory.java:513)
	at org.springframework.beans.factory.support.AbstractAutowireCapableBeanFactory.createBean(AbstractAutowireCapableBeanFactory.java:483)
	at org.springframework.beans.factory.support.AbstractBeanFactory$1.getObject(AbstractBeanFactory.java:306)
	at org.springframework.beans.factory.support.DefaultSingletonBeanRegistry.getSingleton(DefaultSingletonBeanRegistry.java:230)
	at org.springframework.beans.factory.support.AbstractBeanFactory.doGetBean(AbstractBeanFactory.java:302)
	at org.springframework.beans.factory.support.AbstractBeanFactory.getBean(AbstractBeanFactory.java:197)
	at org.springframework.beans.factory.support.DefaultListableBeanFactory.preInstantiateSingletons(DefaultListableBeanFactory.java:761)
	at org.springframework.context.support.AbstractApplicationContext.finishBeanFactoryInitialization(AbstractApplicationContext.java:867)
	at org.springframework.context.support.AbstractApplicationContext.refresh(AbstractApplicationContext.java:543)
	at org.springframework.boot.context.embedded.EmbeddedWebApplicationContext.refresh(EmbeddedWebApplicationContext.java:122)
	at org.springframework.boot.SpringApplication.refresh(SpringApplication.java:693)
	at org.springframework.boot.SpringApplication.refreshContext(SpringApplication.java:360)
	at org.springframework.boot.SpringApplication.run(SpringApplication.java:303)
	at org.springframework.boot.SpringApplication.run(SpringApplication.java:1118)
	at org.springframework.boot.SpringApplication.run(SpringApplication.java:1107)
	at com.wenxianm.ConfigServerApplication.main(ConfigServerApplication.java:18)
Caused by: org.springframework.beans.factory.UnsatisfiedDependencyException: Error creating bean with name 'org.springframework.cloud.stream.config.BinderFactoryConfiguration': Unsatisfied dependency expressed through field 'binderTypeRegistry'; nested exception is org.springframework.beans.factory.BeanCreationException: Error creating bean with name 'binderTypeRegistry' defined in class path resource [org/springframework/cloud/stream/config/BinderFactoryConfiguration.class]: Bean instantiation via factory method failed; nested exception is org.springframework.beans.BeanInstantiationException: Failed to instantiate [org.springframework.cloud.stream.binder.BinderTypeRegistry]: Circular reference involving containing bean 'org.springframework.cloud.stream.config.BinderFactoryConfiguration' - consider declaring the factory method as static for independence from its containing instance. Factory method 'binderTypeRegistry' threw exception; nested exception is org.springframework.beans.factory.BeanCreationException: Cannot create binder factory, no `META-INF/spring.binders` resources found on the classpath
	at org.springframework.beans.factory.annotation.AutowiredAnnotationBeanPostProcessor$AutowiredFieldElement.inject(AutowiredAnnotationBeanPostProcessor.java:588)
	at org.springframework.beans.factory.annotation.InjectionMetadata.inject(InjectionMetadata.java:88)
	at org.springframework.beans.factory.annotation.AutowiredAnnotationBeanPostProcessor.postProcessPropertyValues(AutowiredAnnotationBeanPostProcessor.java:366)
	at org.springframework.beans.factory.support.AbstractAutowireCapableBeanFactory.populateBean(AbstractAutowireCapableBeanFactory.java:1264)
	at org.springframework.beans.factory.support.AbstractAutowireCapableBeanFactory.doCreateBean(AbstractAutowireCapableBeanFactory.java:553)
	at org.springframework.beans.factory.support.AbstractAutowireCapableBeanFactory.createBean(AbstractAutowireCapableBeanFactory.java:483)
	at org.springframework.beans.factory.support.AbstractBeanFactory$1.getObject(AbstractBeanFactory.java:306)
	at org.springframework.beans.factory.support.DefaultSingletonBeanRegistry.getSingleton(DefaultSingletonBeanRegistry.java:230)
	at org.springframework.beans.factory.support.AbstractBeanFactory.doGetBean(AbstractBeanFactory.java:302)
	at org.springframework.beans.factory.support.AbstractBeanFactory.getBean(AbstractBeanFactory.java:197)
	at org.springframework.beans.factory.support.ConstructorResolver.instantiateUsingFactoryMethod(ConstructorResolver.java:372)
	at org.springframework.beans.factory.support.AbstractAutowireCapableBeanFactory.instantiateUsingFactoryMethod(AbstractAutowireCapableBeanFactory.java:1173)
	at org.springframework.beans.factory.support.AbstractAutowireCapableBeanFactory.createBeanInstance(AbstractAutowireCapableBeanFactory.java:1067)
	at org.springframework.beans.factory.support.AbstractAutowireCapableBeanFactory.doCreateBean(AbstractAutowireCapableBeanFactory.java:513)
	at org.springframework.beans.factory.support.AbstractAutowireCapableBeanFactory.createBean(AbstractAutowireCapableBeanFactory.java:483)
	at org.springframework.beans.factory.support.AbstractBeanFactory$1.getObject(AbstractBeanFactory.java:306)
	at org.springframework.beans.factory.support.DefaultSingletonBeanRegistry.getSingleton(DefaultSingletonBeanRegistry.java:230)
	at org.springframework.beans.factory.support.AbstractBeanFactory.doGetBean(AbstractBeanFactory.java:302)
	at org.springframework.beans.factory.support.AbstractBeanFactory.getBean(AbstractBeanFactory.java:202)
	at org.springframework.beans.factory.config.DependencyDescriptor.resolveCandidate(DependencyDescriptor.java:208)
	at org.springframework.beans.factory.support.DefaultListableBeanFactory.doResolveDependency(DefaultListableBeanFactory.java:1138)
	at org.springframework.beans.factory.support.DefaultListableBeanFactory.resolveDependency(DefaultListableBeanFactory.java:1066)
	at org.springframework.beans.factory.support.ConstructorResolver.resolveAutowiredArgument(ConstructorResolver.java:835)
	at org.springframework.beans.factory.support.ConstructorResolver.createArgumentArray(ConstructorResolver.java:741)
	... 19 common frames omitted
Caused by: org.springframework.beans.factory.BeanCreationException: Error creating bean with name 'binderTypeRegistry' defined in class path resource [org/springframework/cloud/stream/config/BinderFactoryConfiguration.class]: Bean instantiation via factory method failed; nested exception is org.springframework.beans.BeanInstantiationException: Failed to instantiate [org.springframework.cloud.stream.binder.BinderTypeRegistry]: Circular reference involving containing bean 'org.springframework.cloud.stream.config.BinderFactoryConfiguration' - consider declaring the factory method as static for independence from its containing instance. Factory method 'binderTypeRegistry' threw exception; nested exception is org.springframework.beans.factory.BeanCreationException: Cannot create binder factory, no `META-INF/spring.binders` resources found on the classpath
	at org.springframework.beans.factory.support.ConstructorResolver.instantiateUsingFactoryMethod(ConstructorResolver.java:599)
	at org.springframework.beans.factory.support.AbstractAutowireCapableBeanFactory.instantiateUsingFactoryMethod(AbstractAutowireCapableBeanFactory.java:1173)
	at org.springframework.beans.factory.support.AbstractAutowireCapableBeanFactory.createBeanInstance(AbstractAutowireCapableBeanFactory.java:1067)
	at org.springframework.beans.factory.support.AbstractAutowireCapableBeanFactory.doCreateBean(AbstractAutowireCapableBeanFactory.java:513)
	at org.springframework.beans.factory.support.AbstractAutowireCapableBeanFactory.createBean(AbstractAutowireCapableBeanFactory.java:483)
	at org.springframework.beans.factory.support.AbstractBeanFactory$1.getObject(AbstractBeanFactory.java:306)
	at org.springframework.beans.factory.support.DefaultSingletonBeanRegistry.getSingleton(DefaultSingletonBeanRegistry.java:230)
	at org.springframework.beans.factory.support.AbstractBeanFactory.doGetBean(AbstractBeanFactory.java:302)
	at org.springframework.beans.factory.support.AbstractBeanFactory.getBean(AbstractBeanFactory.java:202)
	at org.springframework.beans.factory.config.DependencyDescriptor.resolveCandidate(DependencyDescriptor.java:208)
	at org.springframework.beans.factory.support.DefaultListableBeanFactory.doResolveDependency(DefaultListableBeanFactory.java:1138)
	at org.springframework.beans.factory.support.DefaultListableBeanFactory.resolveDependency(DefaultListableBeanFactory.java:1066)
	at org.springframework.beans.factory.annotation.AutowiredAnnotationBeanPostProcessor$AutowiredFieldElement.inject(AutowiredAnnotationBeanPostProcessor.java:585)
	... 42 common frames omitted
Caused by: org.springframework.beans.BeanInstantiationException: Failed to instantiate [org.springframework.cloud.stream.binder.BinderTypeRegistry]: Circular reference involving containing bean 'org.springframework.cloud.stream.config.BinderFactoryConfiguration' - consider declaring the factory method as static for independence from its containing instance. Factory method 'binderTypeRegistry' threw exception; nested exception is org.springframework.beans.factory.BeanCreationException: Cannot create binder factory, no `META-INF/spring.binders` resources found on the classpath
	at org.springframework.beans.factory.support.SimpleInstantiationStrategy.instantiate(SimpleInstantiationStrategy.java:189)
	at org.springframework.beans.factory.support.ConstructorResolver.instantiateUsingFactoryMethod(ConstructorResolver.java:588)
	... 54 common frames omitted
Caused by: org.springframework.beans.factory.BeanCreationException: Cannot create binder factory, no `META-INF/spring.binders` resources found on the classpath
	at org.springframework.cloud.stream.config.BinderFactoryConfiguration.binderTypeRegistry(BinderFactoryConfiguration.java:159)
	at org.springframework.cloud.stream.config.BinderFactoryConfiguration$$EnhancerBySpringCGLIB$$5dac55e9.CGLIB$binderTypeRegistry$2(<generated>)
	at org.springframework.cloud.stream.config.BinderFactoryConfiguration$$EnhancerBySpringCGLIB$$5dac55e9$$FastClassBySpringCGLIB$$67baf6a.invoke(<generated>)
	at org.springframework.cglib.proxy.MethodProxy.invokeSuper(MethodProxy.java:228)
	at org.springframework.context.annotation.ConfigurationClassEnhancer$BeanMethodInterceptor.intercept(ConfigurationClassEnhancer.java:358)
	at org.springframework.cloud.stream.config.BinderFactoryConfiguration$$EnhancerBySpringCGLIB$$5dac55e9.binderTypeRegistry(<generated>)
	at sun.reflect.NativeMethodAccessorImpl.invoke0(Native Method)
	at sun.reflect.NativeMethodAccessorImpl.invoke(NativeMethodAccessorImpl.java:62)
	at sun.reflect.DelegatingMethodAccessorImpl.invoke(DelegatingMethodAccessorImpl.java:43)
	at java.lang.reflect.Method.invoke(Method.java:498)
	at org.springframework.beans.factory.support.SimpleInstantiationStrategy.instantiate(SimpleInstantiationStrategy.java:162)
	... 55 common frames omitted
2021-09-24 16:03:35.173 [background-preinit] INFO  o.h.validator.internal.util.Version:30 HV000001: Hibernate Validator 5.3.5.Final  
2021-09-24 16:03:35.894 [main] INFO  com.wenxianm.ConfigServerApplication:597 The following profiles are active: native  
2021-09-24 16:03:37.275 [main] INFO  o.a.catalina.core.StandardService:179 Starting service [Tomcat]  
2021-09-24 16:03:37.276 [main] INFO  o.a.catalina.core.StandardEngine:179 Starting Servlet Engine: Apache Tomcat/8.5.15  
2021-09-24 16:03:37.391 [localhost-startStop-1] INFO  o.a.c.c.C.[Tomcat].[localhost].[/]:179 Initializing Spring embedded WebApplicationContext  
2021-09-24 16:03:38.042 [main] INFO  o.a.c.c.C.[Tomcat].[localhost].[/]:179 jolokia: No access restrictor found, access to any MBean is allowed  
2021-09-24 16:03:39.515 [main] INFO  o.a.catalina.core.StandardService:179 Stopping service [Tomcat]  
2021-09-24 16:03:39.534 [main] ERROR o.s.boot.SpringApplication:771 Application startup failed  
org.springframework.beans.factory.UnsatisfiedDependencyException: Error creating bean with name 'bindingService' defined in class path resource [org/springframework/cloud/stream/config/BindingServiceConfiguration.class]: Unsatisfied dependency expressed through method 'bindingService' parameter 1; nested exception is org.springframework.beans.factory.UnsatisfiedDependencyException: Error creating bean with name 'org.springframework.cloud.stream.config.BinderFactoryConfiguration': Unsatisfied dependency expressed through field 'binderTypeRegistry'; nested exception is org.springframework.beans.factory.BeanCreationException: Error creating bean with name 'binderTypeRegistry' defined in class path resource [org/springframework/cloud/stream/config/BinderFactoryConfiguration.class]: Bean instantiation via factory method failed; nested exception is org.springframework.beans.BeanInstantiationException: Failed to instantiate [org.springframework.cloud.stream.binder.BinderTypeRegistry]: Circular reference involving containing bean 'org.springframework.cloud.stream.config.BinderFactoryConfiguration' - consider declaring the factory method as static for independence from its containing instance. Factory method 'binderTypeRegistry' threw exception; nested exception is org.springframework.beans.factory.BeanCreationException: Cannot create binder factory, no `META-INF/spring.binders` resources found on the classpath
	at org.springframework.beans.factory.support.ConstructorResolver.createArgumentArray(ConstructorResolver.java:749)
	at org.springframework.beans.factory.support.ConstructorResolver.instantiateUsingFactoryMethod(ConstructorResolver.java:467)
	at org.springframework.beans.factory.support.AbstractAutowireCapableBeanFactory.instantiateUsingFactoryMethod(AbstractAutowireCapableBeanFactory.java:1173)
	at org.springframework.beans.factory.support.AbstractAutowireCapableBeanFactory.createBeanInstance(AbstractAutowireCapableBeanFactory.java:1067)
	at org.springframework.beans.factory.support.AbstractAutowireCapableBeanFactory.doCreateBean(AbstractAutowireCapableBeanFactory.java:513)
	at org.springframework.beans.factory.support.AbstractAutowireCapableBeanFactory.createBean(AbstractAutowireCapableBeanFactory.java:483)
	at org.springframework.beans.factory.support.AbstractBeanFactory$1.getObject(AbstractBeanFactory.java:306)
	at org.springframework.beans.factory.support.DefaultSingletonBeanRegistry.getSingleton(DefaultSingletonBeanRegistry.java:230)
	at org.springframework.beans.factory.support.AbstractBeanFactory.doGetBean(AbstractBeanFactory.java:302)
	at org.springframework.beans.factory.support.AbstractBeanFactory.getBean(AbstractBeanFactory.java:197)
	at org.springframework.beans.factory.support.DefaultListableBeanFactory.preInstantiateSingletons(DefaultListableBeanFactory.java:761)
	at org.springframework.context.support.AbstractApplicationContext.finishBeanFactoryInitialization(AbstractApplicationContext.java:867)
	at org.springframework.context.support.AbstractApplicationContext.refresh(AbstractApplicationContext.java:543)
	at org.springframework.boot.context.embedded.EmbeddedWebApplicationContext.refresh(EmbeddedWebApplicationContext.java:122)
	at org.springframework.boot.SpringApplication.refresh(SpringApplication.java:693)
	at org.springframework.boot.SpringApplication.refreshContext(SpringApplication.java:360)
	at org.springframework.boot.SpringApplication.run(SpringApplication.java:303)
	at org.springframework.boot.SpringApplication.run(SpringApplication.java:1118)
	at org.springframework.boot.SpringApplication.run(SpringApplication.java:1107)
	at com.wenxianm.ConfigServerApplication.main(ConfigServerApplication.java:18)
Caused by: org.springframework.beans.factory.UnsatisfiedDependencyException: Error creating bean with name 'org.springframework.cloud.stream.config.BinderFactoryConfiguration': Unsatisfied dependency expressed through field 'binderTypeRegistry'; nested exception is org.springframework.beans.factory.BeanCreationException: Error creating bean with name 'binderTypeRegistry' defined in class path resource [org/springframework/cloud/stream/config/BinderFactoryConfiguration.class]: Bean instantiation via factory method failed; nested exception is org.springframework.beans.BeanInstantiationException: Failed to instantiate [org.springframework.cloud.stream.binder.BinderTypeRegistry]: Circular reference involving containing bean 'org.springframework.cloud.stream.config.BinderFactoryConfiguration' - consider declaring the factory method as static for independence from its containing instance. Factory method 'binderTypeRegistry' threw exception; nested exception is org.springframework.beans.factory.BeanCreationException: Cannot create binder factory, no `META-INF/spring.binders` resources found on the classpath
	at org.springframework.beans.factory.annotation.AutowiredAnnotationBeanPostProcessor$AutowiredFieldElement.inject(AutowiredAnnotationBeanPostProcessor.java:588)
	at org.springframework.beans.factory.annotation.InjectionMetadata.inject(InjectionMetadata.java:88)
	at org.springframework.beans.factory.annotation.AutowiredAnnotationBeanPostProcessor.postProcessPropertyValues(AutowiredAnnotationBeanPostProcessor.java:366)
	at org.springframework.beans.factory.support.AbstractAutowireCapableBeanFactory.populateBean(AbstractAutowireCapableBeanFactory.java:1264)
	at org.springframework.beans.factory.support.AbstractAutowireCapableBeanFactory.doCreateBean(AbstractAutowireCapableBeanFactory.java:553)
	at org.springframework.beans.factory.support.AbstractAutowireCapableBeanFactory.createBean(AbstractAutowireCapableBeanFactory.java:483)
	at org.springframework.beans.factory.support.AbstractBeanFactory$1.getObject(AbstractBeanFactory.java:306)
	at org.springframework.beans.factory.support.DefaultSingletonBeanRegistry.getSingleton(DefaultSingletonBeanRegistry.java:230)
	at org.springframework.beans.factory.support.AbstractBeanFactory.doGetBean(AbstractBeanFactory.java:302)
	at org.springframework.beans.factory.support.AbstractBeanFactory.getBean(AbstractBeanFactory.java:197)
	at org.springframework.beans.factory.support.ConstructorResolver.instantiateUsingFactoryMethod(ConstructorResolver.java:372)
	at org.springframework.beans.factory.support.AbstractAutowireCapableBeanFactory.instantiateUsingFactoryMethod(AbstractAutowireCapableBeanFactory.java:1173)
	at org.springframework.beans.factory.support.AbstractAutowireCapableBeanFactory.createBeanInstance(AbstractAutowireCapableBeanFactory.java:1067)
	at org.springframework.beans.factory.support.AbstractAutowireCapableBeanFactory.doCreateBean(AbstractAutowireCapableBeanFactory.java:513)
	at org.springframework.beans.factory.support.AbstractAutowireCapableBeanFactory.createBean(AbstractAutowireCapableBeanFactory.java:483)
	at org.springframework.beans.factory.support.AbstractBeanFactory$1.getObject(AbstractBeanFactory.java:306)
	at org.springframework.beans.factory.support.DefaultSingletonBeanRegistry.getSingleton(DefaultSingletonBeanRegistry.java:230)
	at org.springframework.beans.factory.support.AbstractBeanFactory.doGetBean(AbstractBeanFactory.java:302)
	at org.springframework.beans.factory.support.AbstractBeanFactory.getBean(AbstractBeanFactory.java:202)
	at org.springframework.beans.factory.config.DependencyDescriptor.resolveCandidate(DependencyDescriptor.java:208)
	at org.springframework.beans.factory.support.DefaultListableBeanFactory.doResolveDependency(DefaultListableBeanFactory.java:1138)
	at org.springframework.beans.factory.support.DefaultListableBeanFactory.resolveDependency(DefaultListableBeanFactory.java:1066)
	at org.springframework.beans.factory.support.ConstructorResolver.resolveAutowiredArgument(ConstructorResolver.java:835)
	at org.springframework.beans.factory.support.ConstructorResolver.createArgumentArray(ConstructorResolver.java:741)
	... 19 common frames omitted
Caused by: org.springframework.beans.factory.BeanCreationException: Error creating bean with name 'binderTypeRegistry' defined in class path resource [org/springframework/cloud/stream/config/BinderFactoryConfiguration.class]: Bean instantiation via factory method failed; nested exception is org.springframework.beans.BeanInstantiationException: Failed to instantiate [org.springframework.cloud.stream.binder.BinderTypeRegistry]: Circular reference involving containing bean 'org.springframework.cloud.stream.config.BinderFactoryConfiguration' - consider declaring the factory method as static for independence from its containing instance. Factory method 'binderTypeRegistry' threw exception; nested exception is org.springframework.beans.factory.BeanCreationException: Cannot create binder factory, no `META-INF/spring.binders` resources found on the classpath
	at org.springframework.beans.factory.support.ConstructorResolver.instantiateUsingFactoryMethod(ConstructorResolver.java:599)
	at org.springframework.beans.factory.support.AbstractAutowireCapableBeanFactory.instantiateUsingFactoryMethod(AbstractAutowireCapableBeanFactory.java:1173)
	at org.springframework.beans.factory.support.AbstractAutowireCapableBeanFactory.createBeanInstance(AbstractAutowireCapableBeanFactory.java:1067)
	at org.springframework.beans.factory.support.AbstractAutowireCapableBeanFactory.doCreateBean(AbstractAutowireCapableBeanFactory.java:513)
	at org.springframework.beans.factory.support.AbstractAutowireCapableBeanFactory.createBean(AbstractAutowireCapableBeanFactory.java:483)
	at org.springframework.beans.factory.support.AbstractBeanFactory$1.getObject(AbstractBeanFactory.java:306)
	at org.springframework.beans.factory.support.DefaultSingletonBeanRegistry.getSingleton(DefaultSingletonBeanRegistry.java:230)
	at org.springframework.beans.factory.support.AbstractBeanFactory.doGetBean(AbstractBeanFactory.java:302)
	at org.springframework.beans.factory.support.AbstractBeanFactory.getBean(AbstractBeanFactory.java:202)
	at org.springframework.beans.factory.config.DependencyDescriptor.resolveCandidate(DependencyDescriptor.java:208)
	at org.springframework.beans.factory.support.DefaultListableBeanFactory.doResolveDependency(DefaultListableBeanFactory.java:1138)
	at org.springframework.beans.factory.support.DefaultListableBeanFactory.resolveDependency(DefaultListableBeanFactory.java:1066)
	at org.springframework.beans.factory.annotation.AutowiredAnnotationBeanPostProcessor$AutowiredFieldElement.inject(AutowiredAnnotationBeanPostProcessor.java:585)
	... 42 common frames omitted
Caused by: org.springframework.beans.BeanInstantiationException: Failed to instantiate [org.springframework.cloud.stream.binder.BinderTypeRegistry]: Circular reference involving containing bean 'org.springframework.cloud.stream.config.BinderFactoryConfiguration' - consider declaring the factory method as static for independence from its containing instance. Factory method 'binderTypeRegistry' threw exception; nested exception is org.springframework.beans.factory.BeanCreationException: Cannot create binder factory, no `META-INF/spring.binders` resources found on the classpath
	at org.springframework.beans.factory.support.SimpleInstantiationStrategy.instantiate(SimpleInstantiationStrategy.java:189)
	at org.springframework.beans.factory.support.ConstructorResolver.instantiateUsingFactoryMethod(ConstructorResolver.java:588)
	... 54 common frames omitted
Caused by: org.springframework.beans.factory.BeanCreationException: Cannot create binder factory, no `META-INF/spring.binders` resources found on the classpath
	at org.springframework.cloud.stream.config.BinderFactoryConfiguration.binderTypeRegistry(BinderFactoryConfiguration.java:159)
	at org.springframework.cloud.stream.config.BinderFactoryConfiguration$$EnhancerBySpringCGLIB$$9bb7b138.CGLIB$binderTypeRegistry$0(<generated>)
	at org.springframework.cloud.stream.config.BinderFactoryConfiguration$$EnhancerBySpringCGLIB$$9bb7b138$$FastClassBySpringCGLIB$$3b911a77.invoke(<generated>)
	at org.springframework.cglib.proxy.MethodProxy.invokeSuper(MethodProxy.java:228)
	at org.springframework.context.annotation.ConfigurationClassEnhancer$BeanMethodInterceptor.intercept(ConfigurationClassEnhancer.java:358)
	at org.springframework.cloud.stream.config.BinderFactoryConfiguration$$EnhancerBySpringCGLIB$$9bb7b138.binderTypeRegistry(<generated>)
	at sun.reflect.NativeMethodAccessorImpl.invoke0(Native Method)
	at sun.reflect.NativeMethodAccessorImpl.invoke(NativeMethodAccessorImpl.java:62)
	at sun.reflect.DelegatingMethodAccessorImpl.invoke(DelegatingMethodAccessorImpl.java:43)
	at java.lang.reflect.Method.invoke(Method.java:498)
	at org.springframework.beans.factory.support.SimpleInstantiationStrategy.instantiate(SimpleInstantiationStrategy.java:162)
	... 55 common frames omitted
2021-09-24 16:04:10.455 [background-preinit] INFO  o.h.validator.internal.util.Version:30 HV000001: Hibernate Validator 5.3.5.Final  
2021-09-24 16:04:11.236 [main] INFO  com.wenxianm.ConfigServerApplication:597 The following profiles are active: native  
2021-09-24 16:04:12.914 [main] INFO  o.a.catalina.core.StandardService:179 Starting service [Tomcat]  
2021-09-24 16:04:12.914 [main] INFO  o.a.catalina.core.StandardEngine:179 Starting Servlet Engine: Apache Tomcat/8.5.15  
2021-09-24 16:04:13.026 [localhost-startStop-1] INFO  o.a.c.c.C.[Tomcat].[localhost].[/]:179 Initializing Spring embedded WebApplicationContext  
2021-09-24 16:04:13.710 [main] INFO  o.a.c.c.C.[Tomcat].[localhost].[/]:179 jolokia: No access restrictor found, access to any MBean is allowed  
2021-09-24 16:04:15.511 [main] INFO  o.a.catalina.core.StandardService:179 Stopping service [Tomcat]  
2021-09-24 16:04:15.533 [main] ERROR o.s.boot.SpringApplication:771 Application startup failed  
org.springframework.beans.factory.UnsatisfiedDependencyException: Error creating bean with name 'bindingService' defined in class path resource [org/springframework/cloud/stream/config/BindingServiceConfiguration.class]: Unsatisfied dependency expressed through method 'bindingService' parameter 1; nested exception is org.springframework.beans.factory.UnsatisfiedDependencyException: Error creating bean with name 'org.springframework.cloud.stream.config.BinderFactoryConfiguration': Unsatisfied dependency expressed through field 'binderTypeRegistry'; nested exception is org.springframework.beans.factory.BeanCreationException: Error creating bean with name 'binderTypeRegistry' defined in class path resource [org/springframework/cloud/stream/config/BinderFactoryConfiguration.class]: Bean instantiation via factory method failed; nested exception is org.springframework.beans.BeanInstantiationException: Failed to instantiate [org.springframework.cloud.stream.binder.BinderTypeRegistry]: Circular reference involving containing bean 'org.springframework.cloud.stream.config.BinderFactoryConfiguration' - consider declaring the factory method as static for independence from its containing instance. Factory method 'binderTypeRegistry' threw exception; nested exception is org.springframework.beans.factory.BeanCreationException: Cannot create binder factory, no `META-INF/spring.binders` resources found on the classpath
	at org.springframework.beans.factory.support.ConstructorResolver.createArgumentArray(ConstructorResolver.java:749)
	at org.springframework.beans.factory.support.ConstructorResolver.instantiateUsingFactoryMethod(ConstructorResolver.java:467)
	at org.springframework.beans.factory.support.AbstractAutowireCapableBeanFactory.instantiateUsingFactoryMethod(AbstractAutowireCapableBeanFactory.java:1173)
	at org.springframework.beans.factory.support.AbstractAutowireCapableBeanFactory.createBeanInstance(AbstractAutowireCapableBeanFactory.java:1067)
	at org.springframework.beans.factory.support.AbstractAutowireCapableBeanFactory.doCreateBean(AbstractAutowireCapableBeanFactory.java:513)
	at org.springframework.beans.factory.support.AbstractAutowireCapableBeanFactory.createBean(AbstractAutowireCapableBeanFactory.java:483)
	at org.springframework.beans.factory.support.AbstractBeanFactory$1.getObject(AbstractBeanFactory.java:306)
	at org.springframework.beans.factory.support.DefaultSingletonBeanRegistry.getSingleton(DefaultSingletonBeanRegistry.java:230)
	at org.springframework.beans.factory.support.AbstractBeanFactory.doGetBean(AbstractBeanFactory.java:302)
	at org.springframework.beans.factory.support.AbstractBeanFactory.getBean(AbstractBeanFactory.java:197)
	at org.springframework.beans.factory.support.DefaultListableBeanFactory.preInstantiateSingletons(DefaultListableBeanFactory.java:761)
	at org.springframework.context.support.AbstractApplicationContext.finishBeanFactoryInitialization(AbstractApplicationContext.java:867)
	at org.springframework.context.support.AbstractApplicationContext.refresh(AbstractApplicationContext.java:543)
	at org.springframework.boot.context.embedded.EmbeddedWebApplicationContext.refresh(EmbeddedWebApplicationContext.java:122)
	at org.springframework.boot.SpringApplication.refresh(SpringApplication.java:693)
	at org.springframework.boot.SpringApplication.refreshContext(SpringApplication.java:360)
	at org.springframework.boot.SpringApplication.run(SpringApplication.java:303)
	at org.springframework.boot.SpringApplication.run(SpringApplication.java:1118)
	at org.springframework.boot.SpringApplication.run(SpringApplication.java:1107)
	at com.wenxianm.ConfigServerApplication.main(ConfigServerApplication.java:18)
Caused by: org.springframework.beans.factory.UnsatisfiedDependencyException: Error creating bean with name 'org.springframework.cloud.stream.config.BinderFactoryConfiguration': Unsatisfied dependency expressed through field 'binderTypeRegistry'; nested exception is org.springframework.beans.factory.BeanCreationException: Error creating bean with name 'binderTypeRegistry' defined in class path resource [org/springframework/cloud/stream/config/BinderFactoryConfiguration.class]: Bean instantiation via factory method failed; nested exception is org.springframework.beans.BeanInstantiationException: Failed to instantiate [org.springframework.cloud.stream.binder.BinderTypeRegistry]: Circular reference involving containing bean 'org.springframework.cloud.stream.config.BinderFactoryConfiguration' - consider declaring the factory method as static for independence from its containing instance. Factory method 'binderTypeRegistry' threw exception; nested exception is org.springframework.beans.factory.BeanCreationException: Cannot create binder factory, no `META-INF/spring.binders` resources found on the classpath
	at org.springframework.beans.factory.annotation.AutowiredAnnotationBeanPostProcessor$AutowiredFieldElement.inject(AutowiredAnnotationBeanPostProcessor.java:588)
	at org.springframework.beans.factory.annotation.InjectionMetadata.inject(InjectionMetadata.java:88)
	at org.springframework.beans.factory.annotation.AutowiredAnnotationBeanPostProcessor.postProcessPropertyValues(AutowiredAnnotationBeanPostProcessor.java:366)
	at org.springframework.beans.factory.support.AbstractAutowireCapableBeanFactory.populateBean(AbstractAutowireCapableBeanFactory.java:1264)
	at org.springframework.beans.factory.support.AbstractAutowireCapableBeanFactory.doCreateBean(AbstractAutowireCapableBeanFactory.java:553)
	at org.springframework.beans.factory.support.AbstractAutowireCapableBeanFactory.createBean(AbstractAutowireCapableBeanFactory.java:483)
	at org.springframework.beans.factory.support.AbstractBeanFactory$1.getObject(AbstractBeanFactory.java:306)
	at org.springframework.beans.factory.support.DefaultSingletonBeanRegistry.getSingleton(DefaultSingletonBeanRegistry.java:230)
	at org.springframework.beans.factory.support.AbstractBeanFactory.doGetBean(AbstractBeanFactory.java:302)
	at org.springframework.beans.factory.support.AbstractBeanFactory.getBean(AbstractBeanFactory.java:197)
	at org.springframework.beans.factory.support.ConstructorResolver.instantiateUsingFactoryMethod(ConstructorResolver.java:372)
	at org.springframework.beans.factory.support.AbstractAutowireCapableBeanFactory.instantiateUsingFactoryMethod(AbstractAutowireCapableBeanFactory.java:1173)
	at org.springframework.beans.factory.support.AbstractAutowireCapableBeanFactory.createBeanInstance(AbstractAutowireCapableBeanFactory.java:1067)
	at org.springframework.beans.factory.support.AbstractAutowireCapableBeanFactory.doCreateBean(AbstractAutowireCapableBeanFactory.java:513)
	at org.springframework.beans.factory.support.AbstractAutowireCapableBeanFactory.createBean(AbstractAutowireCapableBeanFactory.java:483)
	at org.springframework.beans.factory.support.AbstractBeanFactory$1.getObject(AbstractBeanFactory.java:306)
	at org.springframework.beans.factory.support.DefaultSingletonBeanRegistry.getSingleton(DefaultSingletonBeanRegistry.java:230)
	at org.springframework.beans.factory.support.AbstractBeanFactory.doGetBean(AbstractBeanFactory.java:302)
	at org.springframework.beans.factory.support.AbstractBeanFactory.getBean(AbstractBeanFactory.java:202)
	at org.springframework.beans.factory.config.DependencyDescriptor.resolveCandidate(DependencyDescriptor.java:208)
	at org.springframework.beans.factory.support.DefaultListableBeanFactory.doResolveDependency(DefaultListableBeanFactory.java:1138)
	at org.springframework.beans.factory.support.DefaultListableBeanFactory.resolveDependency(DefaultListableBeanFactory.java:1066)
	at org.springframework.beans.factory.support.ConstructorResolver.resolveAutowiredArgument(ConstructorResolver.java:835)
	at org.springframework.beans.factory.support.ConstructorResolver.createArgumentArray(ConstructorResolver.java:741)
	... 19 common frames omitted
Caused by: org.springframework.beans.factory.BeanCreationException: Error creating bean with name 'binderTypeRegistry' defined in class path resource [org/springframework/cloud/stream/config/BinderFactoryConfiguration.class]: Bean instantiation via factory method failed; nested exception is org.springframework.beans.BeanInstantiationException: Failed to instantiate [org.springframework.cloud.stream.binder.BinderTypeRegistry]: Circular reference involving containing bean 'org.springframework.cloud.stream.config.BinderFactoryConfiguration' - consider declaring the factory method as static for independence from its containing instance. Factory method 'binderTypeRegistry' threw exception; nested exception is org.springframework.beans.factory.BeanCreationException: Cannot create binder factory, no `META-INF/spring.binders` resources found on the classpath
	at org.springframework.beans.factory.support.ConstructorResolver.instantiateUsingFactoryMethod(ConstructorResolver.java:599)
	at org.springframework.beans.factory.support.AbstractAutowireCapableBeanFactory.instantiateUsingFactoryMethod(AbstractAutowireCapableBeanFactory.java:1173)
	at org.springframework.beans.factory.support.AbstractAutowireCapableBeanFactory.createBeanInstance(AbstractAutowireCapableBeanFactory.java:1067)
	at org.springframework.beans.factory.support.AbstractAutowireCapableBeanFactory.doCreateBean(AbstractAutowireCapableBeanFactory.java:513)
	at org.springframework.beans.factory.support.AbstractAutowireCapableBeanFactory.createBean(AbstractAutowireCapableBeanFactory.java:483)
	at org.springframework.beans.factory.support.AbstractBeanFactory$1.getObject(AbstractBeanFactory.java:306)
	at org.springframework.beans.factory.support.DefaultSingletonBeanRegistry.getSingleton(DefaultSingletonBeanRegistry.java:230)
	at org.springframework.beans.factory.support.AbstractBeanFactory.doGetBean(AbstractBeanFactory.java:302)
	at org.springframework.beans.factory.support.AbstractBeanFactory.getBean(AbstractBeanFactory.java:202)
	at org.springframework.beans.factory.config.DependencyDescriptor.resolveCandidate(DependencyDescriptor.java:208)
	at org.springframework.beans.factory.support.DefaultListableBeanFactory.doResolveDependency(DefaultListableBeanFactory.java:1138)
	at org.springframework.beans.factory.support.DefaultListableBeanFactory.resolveDependency(DefaultListableBeanFactory.java:1066)
	at org.springframework.beans.factory.annotation.AutowiredAnnotationBeanPostProcessor$AutowiredFieldElement.inject(AutowiredAnnotationBeanPostProcessor.java:585)
	... 42 common frames omitted
Caused by: org.springframework.beans.BeanInstantiationException: Failed to instantiate [org.springframework.cloud.stream.binder.BinderTypeRegistry]: Circular reference involving containing bean 'org.springframework.cloud.stream.config.BinderFactoryConfiguration' - consider declaring the factory method as static for independence from its containing instance. Factory method 'binderTypeRegistry' threw exception; nested exception is org.springframework.beans.factory.BeanCreationException: Cannot create binder factory, no `META-INF/spring.binders` resources found on the classpath
	at org.springframework.beans.factory.support.SimpleInstantiationStrategy.instantiate(SimpleInstantiationStrategy.java:189)
	at org.springframework.beans.factory.support.ConstructorResolver.instantiateUsingFactoryMethod(ConstructorResolver.java:588)
	... 54 common frames omitted
Caused by: org.springframework.beans.factory.BeanCreationException: Cannot create binder factory, no `META-INF/spring.binders` resources found on the classpath
	at org.springframework.cloud.stream.config.BinderFactoryConfiguration.binderTypeRegistry(BinderFactoryConfiguration.java:159)
	at org.springframework.cloud.stream.config.BinderFactoryConfiguration$$EnhancerBySpringCGLIB$$915681d8.CGLIB$binderTypeRegistry$1(<generated>)
	at org.springframework.cloud.stream.config.BinderFactoryConfiguration$$EnhancerBySpringCGLIB$$915681d8$$FastClassBySpringCGLIB$$ce9485eb.invoke(<generated>)
	at org.springframework.cglib.proxy.MethodProxy.invokeSuper(MethodProxy.java:228)
	at org.springframework.context.annotation.ConfigurationClassEnhancer$BeanMethodInterceptor.intercept(ConfigurationClassEnhancer.java:358)
	at org.springframework.cloud.stream.config.BinderFactoryConfiguration$$EnhancerBySpringCGLIB$$915681d8.binderTypeRegistry(<generated>)
	at sun.reflect.NativeMethodAccessorImpl.invoke0(Native Method)
	at sun.reflect.NativeMethodAccessorImpl.invoke(NativeMethodAccessorImpl.java:62)
	at sun.reflect.DelegatingMethodAccessorImpl.invoke(DelegatingMethodAccessorImpl.java:43)
	at java.lang.reflect.Method.invoke(Method.java:498)
	at org.springframework.beans.factory.support.SimpleInstantiationStrategy.instantiate(SimpleInstantiationStrategy.java:162)
	... 55 common frames omitted
2021-09-24 16:06:08.741 [background-preinit] INFO  o.h.validator.internal.util.Version:30 HV000001: Hibernate Validator 5.3.5.Final  
2021-09-24 16:06:09.385 [main] INFO  com.wenxianm.ConfigServerApplication:597 The following profiles are active: native  
2021-09-24 16:06:10.838 [main] INFO  o.a.catalina.core.StandardService:179 Starting service [Tomcat]  
2021-09-24 16:06:10.839 [main] INFO  o.a.catalina.core.StandardEngine:179 Starting Servlet Engine: Apache Tomcat/8.5.15  
2021-09-24 16:06:10.952 [localhost-startStop-1] INFO  o.a.c.c.C.[Tomcat].[localhost].[/]:179 Initializing Spring embedded WebApplicationContext  
2021-09-24 16:06:11.613 [main] INFO  o.a.c.c.C.[Tomcat].[localhost].[/]:179 jolokia: No access restrictor found, access to any MBean is allowed  
2021-09-24 16:06:13.034 [main] INFO  o.a.catalina.core.StandardService:179 Stopping service [Tomcat]  
2021-09-24 16:06:13.054 [main] ERROR o.s.boot.SpringApplication:771 Application startup failed  
org.springframework.beans.factory.UnsatisfiedDependencyException: Error creating bean with name 'bindingService' defined in class path resource [org/springframework/cloud/stream/config/BindingServiceConfiguration.class]: Unsatisfied dependency expressed through method 'bindingService' parameter 1; nested exception is org.springframework.beans.factory.UnsatisfiedDependencyException: Error creating bean with name 'org.springframework.cloud.stream.config.BinderFactoryConfiguration': Unsatisfied dependency expressed through field 'binderTypeRegistry'; nested exception is org.springframework.beans.factory.BeanCreationException: Error creating bean with name 'binderTypeRegistry' defined in class path resource [org/springframework/cloud/stream/config/BinderFactoryConfiguration.class]: Bean instantiation via factory method failed; nested exception is org.springframework.beans.BeanInstantiationException: Failed to instantiate [org.springframework.cloud.stream.binder.BinderTypeRegistry]: Circular reference involving containing bean 'org.springframework.cloud.stream.config.BinderFactoryConfiguration' - consider declaring the factory method as static for independence from its containing instance. Factory method 'binderTypeRegistry' threw exception; nested exception is org.springframework.beans.factory.BeanCreationException: Cannot create binder factory, no `META-INF/spring.binders` resources found on the classpath
	at org.springframework.beans.factory.support.ConstructorResolver.createArgumentArray(ConstructorResolver.java:749)
	at org.springframework.beans.factory.support.ConstructorResolver.instantiateUsingFactoryMethod(ConstructorResolver.java:467)
	at org.springframework.beans.factory.support.AbstractAutowireCapableBeanFactory.instantiateUsingFactoryMethod(AbstractAutowireCapableBeanFactory.java:1173)
	at org.springframework.beans.factory.support.AbstractAutowireCapableBeanFactory.createBeanInstance(AbstractAutowireCapableBeanFactory.java:1067)
	at org.springframework.beans.factory.support.AbstractAutowireCapableBeanFactory.doCreateBean(AbstractAutowireCapableBeanFactory.java:513)
	at org.springframework.beans.factory.support.AbstractAutowireCapableBeanFactory.createBean(AbstractAutowireCapableBeanFactory.java:483)
	at org.springframework.beans.factory.support.AbstractBeanFactory$1.getObject(AbstractBeanFactory.java:306)
	at org.springframework.beans.factory.support.DefaultSingletonBeanRegistry.getSingleton(DefaultSingletonBeanRegistry.java:230)
	at org.springframework.beans.factory.support.AbstractBeanFactory.doGetBean(AbstractBeanFactory.java:302)
	at org.springframework.beans.factory.support.AbstractBeanFactory.getBean(AbstractBeanFactory.java:197)
	at org.springframework.beans.factory.support.DefaultListableBeanFactory.preInstantiateSingletons(DefaultListableBeanFactory.java:761)
	at org.springframework.context.support.AbstractApplicationContext.finishBeanFactoryInitialization(AbstractApplicationContext.java:867)
	at org.springframework.context.support.AbstractApplicationContext.refresh(AbstractApplicationContext.java:543)
	at org.springframework.boot.context.embedded.EmbeddedWebApplicationContext.refresh(EmbeddedWebApplicationContext.java:122)
	at org.springframework.boot.SpringApplication.refresh(SpringApplication.java:693)
	at org.springframework.boot.SpringApplication.refreshContext(SpringApplication.java:360)
	at org.springframework.boot.SpringApplication.run(SpringApplication.java:303)
	at org.springframework.boot.SpringApplication.run(SpringApplication.java:1118)
	at org.springframework.boot.SpringApplication.run(SpringApplication.java:1107)
	at com.wenxianm.ConfigServerApplication.main(ConfigServerApplication.java:18)
Caused by: org.springframework.beans.factory.UnsatisfiedDependencyException: Error creating bean with name 'org.springframework.cloud.stream.config.BinderFactoryConfiguration': Unsatisfied dependency expressed through field 'binderTypeRegistry'; nested exception is org.springframework.beans.factory.BeanCreationException: Error creating bean with name 'binderTypeRegistry' defined in class path resource [org/springframework/cloud/stream/config/BinderFactoryConfiguration.class]: Bean instantiation via factory method failed; nested exception is org.springframework.beans.BeanInstantiationException: Failed to instantiate [org.springframework.cloud.stream.binder.BinderTypeRegistry]: Circular reference involving containing bean 'org.springframework.cloud.stream.config.BinderFactoryConfiguration' - consider declaring the factory method as static for independence from its containing instance. Factory method 'binderTypeRegistry' threw exception; nested exception is org.springframework.beans.factory.BeanCreationException: Cannot create binder factory, no `META-INF/spring.binders` resources found on the classpath
	at org.springframework.beans.factory.annotation.AutowiredAnnotationBeanPostProcessor$AutowiredFieldElement.inject(AutowiredAnnotationBeanPostProcessor.java:588)
	at org.springframework.beans.factory.annotation.InjectionMetadata.inject(InjectionMetadata.java:88)
	at org.springframework.beans.factory.annotation.AutowiredAnnotationBeanPostProcessor.postProcessPropertyValues(AutowiredAnnotationBeanPostProcessor.java:366)
	at org.springframework.beans.factory.support.AbstractAutowireCapableBeanFactory.populateBean(AbstractAutowireCapableBeanFactory.java:1264)
	at org.springframework.beans.factory.support.AbstractAutowireCapableBeanFactory.doCreateBean(AbstractAutowireCapableBeanFactory.java:553)
	at org.springframework.beans.factory.support.AbstractAutowireCapableBeanFactory.createBean(AbstractAutowireCapableBeanFactory.java:483)
	at org.springframework.beans.factory.support.AbstractBeanFactory$1.getObject(AbstractBeanFactory.java:306)
	at org.springframework.beans.factory.support.DefaultSingletonBeanRegistry.getSingleton(DefaultSingletonBeanRegistry.java:230)
	at org.springframework.beans.factory.support.AbstractBeanFactory.doGetBean(AbstractBeanFactory.java:302)
	at org.springframework.beans.factory.support.AbstractBeanFactory.getBean(AbstractBeanFactory.java:197)
	at org.springframework.beans.factory.support.ConstructorResolver.instantiateUsingFactoryMethod(ConstructorResolver.java:372)
	at org.springframework.beans.factory.support.AbstractAutowireCapableBeanFactory.instantiateUsingFactoryMethod(AbstractAutowireCapableBeanFactory.java:1173)
	at org.springframework.beans.factory.support.AbstractAutowireCapableBeanFactory.createBeanInstance(AbstractAutowireCapableBeanFactory.java:1067)
	at org.springframework.beans.factory.support.AbstractAutowireCapableBeanFactory.doCreateBean(AbstractAutowireCapableBeanFactory.java:513)
	at org.springframework.beans.factory.support.AbstractAutowireCapableBeanFactory.createBean(AbstractAutowireCapableBeanFactory.java:483)
	at org.springframework.beans.factory.support.AbstractBeanFactory$1.getObject(AbstractBeanFactory.java:306)
	at org.springframework.beans.factory.support.DefaultSingletonBeanRegistry.getSingleton(DefaultSingletonBeanRegistry.java:230)
	at org.springframework.beans.factory.support.AbstractBeanFactory.doGetBean(AbstractBeanFactory.java:302)
	at org.springframework.beans.factory.support.AbstractBeanFactory.getBean(AbstractBeanFactory.java:202)
	at org.springframework.beans.factory.config.DependencyDescriptor.resolveCandidate(DependencyDescriptor.java:208)
	at org.springframework.beans.factory.support.DefaultListableBeanFactory.doResolveDependency(DefaultListableBeanFactory.java:1138)
	at org.springframework.beans.factory.support.DefaultListableBeanFactory.resolveDependency(DefaultListableBeanFactory.java:1066)
	at org.springframework.beans.factory.support.ConstructorResolver.resolveAutowiredArgument(ConstructorResolver.java:835)
	at org.springframework.beans.factory.support.ConstructorResolver.createArgumentArray(ConstructorResolver.java:741)
	... 19 common frames omitted
Caused by: org.springframework.beans.factory.BeanCreationException: Error creating bean with name 'binderTypeRegistry' defined in class path resource [org/springframework/cloud/stream/config/BinderFactoryConfiguration.class]: Bean instantiation via factory method failed; nested exception is org.springframework.beans.BeanInstantiationException: Failed to instantiate [org.springframework.cloud.stream.binder.BinderTypeRegistry]: Circular reference involving containing bean 'org.springframework.cloud.stream.config.BinderFactoryConfiguration' - consider declaring the factory method as static for independence from its containing instance. Factory method 'binderTypeRegistry' threw exception; nested exception is org.springframework.beans.factory.BeanCreationException: Cannot create binder factory, no `META-INF/spring.binders` resources found on the classpath
	at org.springframework.beans.factory.support.ConstructorResolver.instantiateUsingFactoryMethod(ConstructorResolver.java:599)
	at org.springframework.beans.factory.support.AbstractAutowireCapableBeanFactory.instantiateUsingFactoryMethod(AbstractAutowireCapableBeanFactory.java:1173)
	at org.springframework.beans.factory.support.AbstractAutowireCapableBeanFactory.createBeanInstance(AbstractAutowireCapableBeanFactory.java:1067)
	at org.springframework.beans.factory.support.AbstractAutowireCapableBeanFactory.doCreateBean(AbstractAutowireCapableBeanFactory.java:513)
	at org.springframework.beans.factory.support.AbstractAutowireCapableBeanFactory.createBean(AbstractAutowireCapableBeanFactory.java:483)
	at org.springframework.beans.factory.support.AbstractBeanFactory$1.getObject(AbstractBeanFactory.java:306)
	at org.springframework.beans.factory.support.DefaultSingletonBeanRegistry.getSingleton(DefaultSingletonBeanRegistry.java:230)
	at org.springframework.beans.factory.support.AbstractBeanFactory.doGetBean(AbstractBeanFactory.java:302)
	at org.springframework.beans.factory.support.AbstractBeanFactory.getBean(AbstractBeanFactory.java:202)
	at org.springframework.beans.factory.config.DependencyDescriptor.resolveCandidate(DependencyDescriptor.java:208)
	at org.springframework.beans.factory.support.DefaultListableBeanFactory.doResolveDependency(DefaultListableBeanFactory.java:1138)
	at org.springframework.beans.factory.support.DefaultListableBeanFactory.resolveDependency(DefaultListableBeanFactory.java:1066)
	at org.springframework.beans.factory.annotation.AutowiredAnnotationBeanPostProcessor$AutowiredFieldElement.inject(AutowiredAnnotationBeanPostProcessor.java:585)
	... 42 common frames omitted
Caused by: org.springframework.beans.BeanInstantiationException: Failed to instantiate [org.springframework.cloud.stream.binder.BinderTypeRegistry]: Circular reference involving containing bean 'org.springframework.cloud.stream.config.BinderFactoryConfiguration' - consider declaring the factory method as static for independence from its containing instance. Factory method 'binderTypeRegistry' threw exception; nested exception is org.springframework.beans.factory.BeanCreationException: Cannot create binder factory, no `META-INF/spring.binders` resources found on the classpath
	at org.springframework.beans.factory.support.SimpleInstantiationStrategy.instantiate(SimpleInstantiationStrategy.java:189)
	at org.springframework.beans.factory.support.ConstructorResolver.instantiateUsingFactoryMethod(ConstructorResolver.java:588)
	... 54 common frames omitted
Caused by: org.springframework.beans.factory.BeanCreationException: Cannot create binder factory, no `META-INF/spring.binders` resources found on the classpath
	at org.springframework.cloud.stream.config.BinderFactoryConfiguration.binderTypeRegistry(BinderFactoryConfiguration.java:159)
	at org.springframework.cloud.stream.config.BinderFactoryConfiguration$$EnhancerBySpringCGLIB$$7cc10d26.CGLIB$binderTypeRegistry$2(<generated>)
	at org.springframework.cloud.stream.config.BinderFactoryConfiguration$$EnhancerBySpringCGLIB$$7cc10d26$$FastClassBySpringCGLIB$$a1ff4c57.invoke(<generated>)
	at org.springframework.cglib.proxy.MethodProxy.invokeSuper(MethodProxy.java:228)
	at org.springframework.context.annotation.ConfigurationClassEnhancer$BeanMethodInterceptor.intercept(ConfigurationClassEnhancer.java:358)
	at org.springframework.cloud.stream.config.BinderFactoryConfiguration$$EnhancerBySpringCGLIB$$7cc10d26.binderTypeRegistry(<generated>)
	at sun.reflect.NativeMethodAccessorImpl.invoke0(Native Method)
	at sun.reflect.NativeMethodAccessorImpl.invoke(NativeMethodAccessorImpl.java:62)
	at sun.reflect.DelegatingMethodAccessorImpl.invoke(DelegatingMethodAccessorImpl.java:43)
	at java.lang.reflect.Method.invoke(Method.java:498)
	at org.springframework.beans.factory.support.SimpleInstantiationStrategy.instantiate(SimpleInstantiationStrategy.java:162)
	... 55 common frames omitted
2021-09-24 16:10:59.045 [background-preinit] INFO  o.h.validator.internal.util.Version:30 HV000001: Hibernate Validator 5.3.5.Final  
2021-09-24 16:10:59.693 [main] INFO  com.wenxianm.ConfigServerApplication:597 The following profiles are active: native  
2021-09-24 16:11:01.150 [main] INFO  o.a.catalina.core.StandardService:179 Starting service [Tomcat]  
2021-09-24 16:11:01.151 [main] INFO  o.a.catalina.core.StandardEngine:179 Starting Servlet Engine: Apache Tomcat/8.5.15  
2021-09-24 16:11:01.263 [localhost-startStop-1] INFO  o.a.c.c.C.[Tomcat].[localhost].[/]:179 Initializing Spring embedded WebApplicationContext  
2021-09-24 16:11:01.930 [main] INFO  o.a.c.c.C.[Tomcat].[localhost].[/]:179 jolokia: No access restrictor found, access to any MBean is allowed  
2021-09-24 16:11:03.393 [main] INFO  o.a.catalina.core.StandardService:179 Stopping service [Tomcat]  
2021-09-24 16:11:03.422 [main] ERROR o.s.boot.SpringApplication:771 Application startup failed  
org.springframework.beans.factory.UnsatisfiedDependencyException: Error creating bean with name 'bindingService' defined in class path resource [org/springframework/cloud/stream/config/BindingServiceConfiguration.class]: Unsatisfied dependency expressed through method 'bindingService' parameter 1; nested exception is org.springframework.beans.factory.UnsatisfiedDependencyException: Error creating bean with name 'org.springframework.cloud.stream.config.BinderFactoryConfiguration': Unsatisfied dependency expressed through field 'binderTypeRegistry'; nested exception is org.springframework.beans.factory.BeanCreationException: Error creating bean with name 'binderTypeRegistry' defined in class path resource [org/springframework/cloud/stream/config/BinderFactoryConfiguration.class]: Bean instantiation via factory method failed; nested exception is org.springframework.beans.BeanInstantiationException: Failed to instantiate [org.springframework.cloud.stream.binder.BinderTypeRegistry]: Circular reference involving containing bean 'org.springframework.cloud.stream.config.BinderFactoryConfiguration' - consider declaring the factory method as static for independence from its containing instance. Factory method 'binderTypeRegistry' threw exception; nested exception is org.springframework.beans.factory.BeanCreationException: Cannot create binder factory, no `META-INF/spring.binders` resources found on the classpath
	at org.springframework.beans.factory.support.ConstructorResolver.createArgumentArray(ConstructorResolver.java:749)
	at org.springframework.beans.factory.support.ConstructorResolver.instantiateUsingFactoryMethod(ConstructorResolver.java:467)
	at org.springframework.beans.factory.support.AbstractAutowireCapableBeanFactory.instantiateUsingFactoryMethod(AbstractAutowireCapableBeanFactory.java:1173)
	at org.springframework.beans.factory.support.AbstractAutowireCapableBeanFactory.createBeanInstance(AbstractAutowireCapableBeanFactory.java:1067)
	at org.springframework.beans.factory.support.AbstractAutowireCapableBeanFactory.doCreateBean(AbstractAutowireCapableBeanFactory.java:513)
	at org.springframework.beans.factory.support.AbstractAutowireCapableBeanFactory.createBean(AbstractAutowireCapableBeanFactory.java:483)
	at org.springframework.beans.factory.support.AbstractBeanFactory$1.getObject(AbstractBeanFactory.java:306)
	at org.springframework.beans.factory.support.DefaultSingletonBeanRegistry.getSingleton(DefaultSingletonBeanRegistry.java:230)
	at org.springframework.beans.factory.support.AbstractBeanFactory.doGetBean(AbstractBeanFactory.java:302)
	at org.springframework.beans.factory.support.AbstractBeanFactory.getBean(AbstractBeanFactory.java:197)
	at org.springframework.beans.factory.support.DefaultListableBeanFactory.preInstantiateSingletons(DefaultListableBeanFactory.java:761)
	at org.springframework.context.support.AbstractApplicationContext.finishBeanFactoryInitialization(AbstractApplicationContext.java:867)
	at org.springframework.context.support.AbstractApplicationContext.refresh(AbstractApplicationContext.java:543)
	at org.springframework.boot.context.embedded.EmbeddedWebApplicationContext.refresh(EmbeddedWebApplicationContext.java:122)
	at org.springframework.boot.SpringApplication.refresh(SpringApplication.java:693)
	at org.springframework.boot.SpringApplication.refreshContext(SpringApplication.java:360)
	at org.springframework.boot.SpringApplication.run(SpringApplication.java:303)
	at org.springframework.boot.SpringApplication.run(SpringApplication.java:1118)
	at org.springframework.boot.SpringApplication.run(SpringApplication.java:1107)
	at com.wenxianm.ConfigServerApplication.main(ConfigServerApplication.java:18)
Caused by: org.springframework.beans.factory.UnsatisfiedDependencyException: Error creating bean with name 'org.springframework.cloud.stream.config.BinderFactoryConfiguration': Unsatisfied dependency expressed through field 'binderTypeRegistry'; nested exception is org.springframework.beans.factory.BeanCreationException: Error creating bean with name 'binderTypeRegistry' defined in class path resource [org/springframework/cloud/stream/config/BinderFactoryConfiguration.class]: Bean instantiation via factory method failed; nested exception is org.springframework.beans.BeanInstantiationException: Failed to instantiate [org.springframework.cloud.stream.binder.BinderTypeRegistry]: Circular reference involving containing bean 'org.springframework.cloud.stream.config.BinderFactoryConfiguration' - consider declaring the factory method as static for independence from its containing instance. Factory method 'binderTypeRegistry' threw exception; nested exception is org.springframework.beans.factory.BeanCreationException: Cannot create binder factory, no `META-INF/spring.binders` resources found on the classpath
	at org.springframework.beans.factory.annotation.AutowiredAnnotationBeanPostProcessor$AutowiredFieldElement.inject(AutowiredAnnotationBeanPostProcessor.java:588)
	at org.springframework.beans.factory.annotation.InjectionMetadata.inject(InjectionMetadata.java:88)
	at org.springframework.beans.factory.annotation.AutowiredAnnotationBeanPostProcessor.postProcessPropertyValues(AutowiredAnnotationBeanPostProcessor.java:366)
	at org.springframework.beans.factory.support.AbstractAutowireCapableBeanFactory.populateBean(AbstractAutowireCapableBeanFactory.java:1264)
	at org.springframework.beans.factory.support.AbstractAutowireCapableBeanFactory.doCreateBean(AbstractAutowireCapableBeanFactory.java:553)
	at org.springframework.beans.factory.support.AbstractAutowireCapableBeanFactory.createBean(AbstractAutowireCapableBeanFactory.java:483)
	at org.springframework.beans.factory.support.AbstractBeanFactory$1.getObject(AbstractBeanFactory.java:306)
	at org.springframework.beans.factory.support.DefaultSingletonBeanRegistry.getSingleton(DefaultSingletonBeanRegistry.java:230)
	at org.springframework.beans.factory.support.AbstractBeanFactory.doGetBean(AbstractBeanFactory.java:302)
	at org.springframework.beans.factory.support.AbstractBeanFactory.getBean(AbstractBeanFactory.java:197)
	at org.springframework.beans.factory.support.ConstructorResolver.instantiateUsingFactoryMethod(ConstructorResolver.java:372)
	at org.springframework.beans.factory.support.AbstractAutowireCapableBeanFactory.instantiateUsingFactoryMethod(AbstractAutowireCapableBeanFactory.java:1173)
	at org.springframework.beans.factory.support.AbstractAutowireCapableBeanFactory.createBeanInstance(AbstractAutowireCapableBeanFactory.java:1067)
	at org.springframework.beans.factory.support.AbstractAutowireCapableBeanFactory.doCreateBean(AbstractAutowireCapableBeanFactory.java:513)
	at org.springframework.beans.factory.support.AbstractAutowireCapableBeanFactory.createBean(AbstractAutowireCapableBeanFactory.java:483)
	at org.springframework.beans.factory.support.AbstractBeanFactory$1.getObject(AbstractBeanFactory.java:306)
	at org.springframework.beans.factory.support.DefaultSingletonBeanRegistry.getSingleton(DefaultSingletonBeanRegistry.java:230)
	at org.springframework.beans.factory.support.AbstractBeanFactory.doGetBean(AbstractBeanFactory.java:302)
	at org.springframework.beans.factory.support.AbstractBeanFactory.getBean(AbstractBeanFactory.java:202)
	at org.springframework.beans.factory.config.DependencyDescriptor.resolveCandidate(DependencyDescriptor.java:208)
	at org.springframework.beans.factory.support.DefaultListableBeanFactory.doResolveDependency(DefaultListableBeanFactory.java:1138)
	at org.springframework.beans.factory.support.DefaultListableBeanFactory.resolveDependency(DefaultListableBeanFactory.java:1066)
	at org.springframework.beans.factory.support.ConstructorResolver.resolveAutowiredArgument(ConstructorResolver.java:835)
	at org.springframework.beans.factory.support.ConstructorResolver.createArgumentArray(ConstructorResolver.java:741)
	... 19 common frames omitted
Caused by: org.springframework.beans.factory.BeanCreationException: Error creating bean with name 'binderTypeRegistry' defined in class path resource [org/springframework/cloud/stream/config/BinderFactoryConfiguration.class]: Bean instantiation via factory method failed; nested exception is org.springframework.beans.BeanInstantiationException: Failed to instantiate [org.springframework.cloud.stream.binder.BinderTypeRegistry]: Circular reference involving containing bean 'org.springframework.cloud.stream.config.BinderFactoryConfiguration' - consider declaring the factory method as static for independence from its containing instance. Factory method 'binderTypeRegistry' threw exception; nested exception is org.springframework.beans.factory.BeanCreationException: Cannot create binder factory, no `META-INF/spring.binders` resources found on the classpath
	at org.springframework.beans.factory.support.ConstructorResolver.instantiateUsingFactoryMethod(ConstructorResolver.java:599)
	at org.springframework.beans.factory.support.AbstractAutowireCapableBeanFactory.instantiateUsingFactoryMethod(AbstractAutowireCapableBeanFactory.java:1173)
	at org.springframework.beans.factory.support.AbstractAutowireCapableBeanFactory.createBeanInstance(AbstractAutowireCapableBeanFactory.java:1067)
	at org.springframework.beans.factory.support.AbstractAutowireCapableBeanFactory.doCreateBean(AbstractAutowireCapableBeanFactory.java:513)
	at org.springframework.beans.factory.support.AbstractAutowireCapableBeanFactory.createBean(AbstractAutowireCapableBeanFactory.java:483)
	at org.springframework.beans.factory.support.AbstractBeanFactory$1.getObject(AbstractBeanFactory.java:306)
	at org.springframework.beans.factory.support.DefaultSingletonBeanRegistry.getSingleton(DefaultSingletonBeanRegistry.java:230)
	at org.springframework.beans.factory.support.AbstractBeanFactory.doGetBean(AbstractBeanFactory.java:302)
	at org.springframework.beans.factory.support.AbstractBeanFactory.getBean(AbstractBeanFactory.java:202)
	at org.springframework.beans.factory.config.DependencyDescriptor.resolveCandidate(DependencyDescriptor.java:208)
	at org.springframework.beans.factory.support.DefaultListableBeanFactory.doResolveDependency(DefaultListableBeanFactory.java:1138)
	at org.springframework.beans.factory.support.DefaultListableBeanFactory.resolveDependency(DefaultListableBeanFactory.java:1066)
	at org.springframework.beans.factory.annotation.AutowiredAnnotationBeanPostProcessor$AutowiredFieldElement.inject(AutowiredAnnotationBeanPostProcessor.java:585)
	... 42 common frames omitted
Caused by: org.springframework.beans.BeanInstantiationException: Failed to instantiate [org.springframework.cloud.stream.binder.BinderTypeRegistry]: Circular reference involving containing bean 'org.springframework.cloud.stream.config.BinderFactoryConfiguration' - consider declaring the factory method as static for independence from its containing instance. Factory method 'binderTypeRegistry' threw exception; nested exception is org.springframework.beans.factory.BeanCreationException: Cannot create binder factory, no `META-INF/spring.binders` resources found on the classpath
	at org.springframework.beans.factory.support.SimpleInstantiationStrategy.instantiate(SimpleInstantiationStrategy.java:189)
	at org.springframework.beans.factory.support.ConstructorResolver.instantiateUsingFactoryMethod(ConstructorResolver.java:588)
	... 54 common frames omitted
Caused by: org.springframework.beans.factory.BeanCreationException: Cannot create binder factory, no `META-INF/spring.binders` resources found on the classpath
	at org.springframework.cloud.stream.config.BinderFactoryConfiguration.binderTypeRegistry(BinderFactoryConfiguration.java:159)
	at org.springframework.cloud.stream.config.BinderFactoryConfiguration$$EnhancerBySpringCGLIB$$224c40a9.CGLIB$binderTypeRegistry$1(<generated>)
	at org.springframework.cloud.stream.config.BinderFactoryConfiguration$$EnhancerBySpringCGLIB$$224c40a9$$FastClassBySpringCGLIB$$2d15fa88.invoke(<generated>)
	at org.springframework.cglib.proxy.MethodProxy.invokeSuper(MethodProxy.java:228)
	at org.springframework.context.annotation.ConfigurationClassEnhancer$BeanMethodInterceptor.intercept(ConfigurationClassEnhancer.java:358)
	at org.springframework.cloud.stream.config.BinderFactoryConfiguration$$EnhancerBySpringCGLIB$$224c40a9.binderTypeRegistry(<generated>)
	at sun.reflect.NativeMethodAccessorImpl.invoke0(Native Method)
	at sun.reflect.NativeMethodAccessorImpl.invoke(NativeMethodAccessorImpl.java:62)
	at sun.reflect.DelegatingMethodAccessorImpl.invoke(DelegatingMethodAccessorImpl.java:43)
	at java.lang.reflect.Method.invoke(Method.java:498)
	at org.springframework.beans.factory.support.SimpleInstantiationStrategy.instantiate(SimpleInstantiationStrategy.java:162)
	... 55 common frames omitted
