2020-10-15 14:58:10.683 [main] INFO  com.boot.demo.BootApplication - Starting BootApplication on DESKTOP-RBSV428 with PID 13588 (D:\CODE_MY\SpringCloud\boot\target\classes started by minstone in D:\CODE_MY\SpringCloud)
2020-10-15 14:58:10.691 [main] DEBUG com.boot.demo.BootApplication - Running with Spring Boot v2.3.4.RELEASE, Spring v5.2.9.RELEASE
2020-10-15 14:58:10.692 [main] INFO  com.boot.demo.BootApplication - No active profile set, falling back to default profiles: default
2020-10-15 14:58:12.603 [main] INFO  o.s.b.w.e.tomcat.TomcatWebServer - Tomcat initialized with port(s): 8080 (http)
2020-10-15 14:58:12.619 [main] INFO  o.a.coyote.http11.Http11NioProtocol - Initializing ProtocolHandler ["http-nio-8080"]
2020-10-15 14:58:12.619 [main] INFO  o.a.catalina.core.StandardService - Starting service [Tomcat]
2020-10-15 14:58:12.620 [main] INFO  o.a.catalina.core.StandardEngine - Starting Servlet engine: [Apache Tomcat/9.0.38]
2020-10-15 14:58:12.817 [main] INFO  o.a.c.c.C.[Tomcat].[localhost].[/] - Initializing Spring embedded WebApplicationContext
2020-10-15 14:58:12.818 [main] INFO  o.s.b.w.s.c.ServletWebServerApplicationContext - Root WebApplicationContext: initialization completed in 1992 ms
2020-10-15 14:58:13.131 [main] INFO  o.s.s.c.ThreadPoolTaskExecutor - Initializing ExecutorService 'applicationTaskExecutor'
2020-10-15 14:58:13.363 [main] INFO  o.a.coyote.http11.Http11NioProtocol - Starting ProtocolHandler ["http-nio-8080"]
2020-10-15 14:58:13.442 [main] INFO  o.s.b.w.e.tomcat.TomcatWebServer - Tomcat started on port(s): 8080 (http) with context path ''
2020-10-15 14:58:13.463 [main] INFO  com.boot.demo.BootApplication - Started BootApplication in 3.996 seconds (JVM running for 6.31)
2020-10-15 15:00:07.133 [http-nio-8080-exec-2] INFO  o.a.c.c.C.[Tomcat].[localhost].[/] - Initializing Spring DispatcherServlet 'dispatcherServlet'
2020-10-15 15:00:07.134 [http-nio-8080-exec-2] INFO  o.s.web.servlet.DispatcherServlet - Initializing Servlet 'dispatcherServlet'
2020-10-15 15:00:07.142 [http-nio-8080-exec-2] INFO  o.s.web.servlet.DispatcherServlet - Completed initialization in 8 ms
2020-10-15 15:00:07.184 [http-nio-8080-exec-2] INFO  c.boot.demo.controller.DcController - inter dc：4545
2020-10-15 17:04:49.082 [main] INFO  com.boot.demo.BootApplication - Starting BootApplication on DESKTOP-RBSV428 with PID 16076 (D:\CODE_MY\SpringCloud\boot\target\classes started by minstone in D:\CODE_MY\SpringCloud)
2020-10-15 17:04:49.087 [main] DEBUG com.boot.demo.BootApplication - Running with Spring Boot v2.3.4.RELEASE, Spring v5.2.9.RELEASE
2020-10-15 17:04:49.088 [main] INFO  com.boot.demo.BootApplication - No active profile set, falling back to default profiles: default
2020-10-15 17:04:51.494 [main] INFO  o.s.b.w.e.tomcat.TomcatWebServer - Tomcat initialized with port(s): 8080 (http)
2020-10-15 17:04:51.514 [main] INFO  o.a.coyote.http11.Http11NioProtocol - Initializing ProtocolHandler ["http-nio-8080"]
2020-10-15 17:04:51.515 [main] INFO  o.a.catalina.core.StandardService - Starting service [Tomcat]
2020-10-15 17:04:51.516 [main] INFO  o.a.catalina.core.StandardEngine - Starting Servlet engine: [Apache Tomcat/9.0.38]
2020-10-15 17:04:51.681 [main] INFO  o.a.c.c.C.[Tomcat].[localhost].[/] - Initializing Spring embedded WebApplicationContext
2020-10-15 17:04:51.682 [main] INFO  o.s.b.w.s.c.ServletWebServerApplicationContext - Root WebApplicationContext: initialization completed in 2457 ms
2020-10-15 17:04:51.835 [main] WARN  o.s.b.w.s.c.AnnotationConfigServletWebServerApplicationContext - Exception encountered during context initialization - cancelling refresh attempt: org.springframework.beans.factory.UnsatisfiedDependencyException: Error creating bean with name 'dcController': Unsatisfied dependency expressed through field 'dcService'; nested exception is org.springframework.beans.factory.UnsatisfiedDependencyException: Error creating bean with name 'dcService': Unsatisfied dependency expressed through field 'dcDao'; nested exception is org.springframework.beans.factory.UnsatisfiedDependencyException: Error creating bean with name 'dcDao' defined in file [D:\CODE_MY\SpringCloud\boot\target\classes\com\boot\demo\dao\DcDao.class]: Unsatisfied dependency expressed through bean property 'sqlSessionFactory'; nested exception is org.springframework.beans.factory.UnsatisfiedDependencyException: Error creating bean with name 'sqlSessionFactory' defined in class path resource [org/mybatis/spring/boot/autoconfigure/MybatisAutoConfiguration.class]: Unsatisfied dependency expressed through method 'sqlSessionFactory' parameter 0; nested exception is org.springframework.beans.factory.BeanCreationException: Error creating bean with name 'dataSource' defined in class path resource [org/springframework/boot/autoconfigure/jdbc/DataSourceConfiguration$Hikari.class]: Bean instantiation via factory method failed; nested exception is org.springframework.beans.BeanInstantiationException: Failed to instantiate [com.zaxxer.hikari.HikariDataSource]: Factory method 'dataSource' threw exception; nested exception is org.springframework.boot.autoconfigure.jdbc.DataSourceProperties$DataSourceBeanCreationException: Failed to determine a suitable driver class
2020-10-15 17:04:51.839 [main] INFO  o.a.catalina.core.StandardService - Stopping service [Tomcat]
2020-10-15 17:04:51.855 [main] INFO  o.s.b.a.l.ConditionEvaluationReportLoggingListener - 

Error starting ApplicationContext. To display the conditions report re-run your application with 'debug' enabled.
2020-10-15 17:04:51.870 [main] ERROR o.s.b.d.LoggingFailureAnalysisReporter - 

***************************
APPLICATION FAILED TO START
***************************

Description:

Failed to configure a DataSource: 'url' attribute is not specified and no embedded datasource could be configured.

Reason: Failed to determine a suitable driver class


Action:

Consider the following:
	If you want an embedded database (H2, HSQL or Derby), please put it on the classpath.
	If you have database settings to be loaded from a particular profile you may need to activate it (no profiles are currently active).

